2023-02-07 11:07:40,577 [Worker-2: Loading available Gradle versions] INFO  o.e.b.c.i.u.g.PublishedGradleVersions - Gradle version information cache is out-of-date. Trying to update.
2023-02-07 11:16:06,840 [Worker-2: Loading available Gradle versions] INFO  o.e.b.c.i.u.g.PublishedGradleVersions - Gradle version information cache is up-to-date. Trying to read.
2023-02-07 11:28:02,036 [Worker-6: Loading available Gradle versions] INFO  o.e.b.c.i.u.g.PublishedGradleVersions - Gradle version information cache is up-to-date. Trying to read.
2023-02-07 11:31:49,437 [Worker-45: https://eclipse.mirror.rafal.ca/releases/2022-12/202212071000/plugins/org.eclipse.wst.internet.cache_1.1.0.v202011161431.jar] INFO  o.a.h.c.h.i.c.HttpRequestRetryExec - Recoverable I/O exception (org.apache.hc.core5.http.NoHttpResponseException) caught when processing request to {s}->https://eclipse.mirror.rafal.ca:443
2023-02-07 11:31:52,122 [Worker-40: https://eclipse.mirror.rafal.ca/releases/2022-12/202212071000/plugins/org.eclipse.wst.wsdl.validation_1.3.100.v202205160247.jar] INFO  o.a.h.c.h.i.c.HttpRequestRetryExec - Recoverable I/O exception (org.apache.hc.core5.http.NoHttpResponseException) caught when processing request to {s}->https://eclipse.mirror.rafal.ca:443
2023-02-07 11:31:52,155 [Worker-31: https://eclipse.mirror.rafal.ca/releases/2022-12/202212071000/plugins/org.eclipse.wst.wsi.ui_1.1.100.v202007221938.jar] INFO  o.a.h.c.h.i.c.HttpRequestRetryExec - Recoverable I/O exception (org.apache.hc.core5.http.NoHttpResponseException) caught when processing request to {s}->https://eclipse.mirror.rafal.ca:443
2023-02-07 11:31:54,885 [Worker-48: https://eclipse.mirror.rafal.ca/releases/2022-12/202212071000/plugins/org.eclipse.datatools.connectivity.sqm.server.ui_1.3.101.201811012051.jar] INFO  o.a.h.c.h.i.c.HttpRequestRetryExec - Recoverable I/O exception (org.apache.hc.core5.http.NoHttpResponseException) caught when processing request to {s}->https://eclipse.mirror.rafal.ca:443
2023-02-07 11:31:55,616 [Worker-39: https://eclipse.mirror.rafal.ca/releases/2022-12/202212071000/plugins/org.eclipse.datatools.modelbase.sql.xml.query_1.2.101.201811012051.jar] INFO  o.a.h.c.h.i.c.HttpRequestRetryExec - Recoverable I/O exception (org.apache.hc.core5.http.NoHttpResponseException) caught when processing request to {s}->https://eclipse.mirror.rafal.ca:443
2023-02-07 11:31:57,509 [Worker-42: https://eclipse.mirror.rafal.ca/releases/2022-12/202212071000/plugins/org.eclipse.dltk.launching_6.2.0.202005020530.jar] INFO  o.a.h.c.h.i.c.HttpRequestRetryExec - Recoverable I/O exception (org.apache.hc.core5.http.NoHttpResponseException) caught when processing request to {s}->https://eclipse.mirror.rafal.ca:443
2023-02-07 11:31:57,618 [Worker-40: https://eclipse.mirror.rafal.ca/releases/2022-12/202212071000/plugins/org.eclipse.dltk.logconsole.ui_6.2.0.202005020530.jar] INFO  o.a.h.c.h.i.c.HttpRequestRetryExec - Recoverable I/O exception (org.apache.hc.core5.http.NoHttpResponseException) caught when processing request to {s}->https://eclipse.mirror.rafal.ca:443
2023-02-07 11:31:59,084 [Worker-32: https://eclipse.mirror.rafal.ca/releases/2022-12/202212071000/features/org.eclipse.emf.edit_2.18.0.v20220201-1551.jar] INFO  o.a.h.c.h.i.c.HttpRequestRetryExec - Recoverable I/O exception (org.apache.hc.core5.http.NoHttpResponseException) caught when processing request to {s}->https://eclipse.mirror.rafal.ca:443
2023-02-07 11:31:59,356 [Worker-48: https://eclipse.mirror.rafal.ca/releases/2022-12/202212071000/plugins/org.eclipse.emf.importer.java_2.11.0.v20200324-0723.jar] INFO  o.a.h.c.h.i.c.HttpRequestRetryExec - Recoverable I/O exception (org.apache.hc.core5.http.NoHttpResponseException) caught when processing request to {s}->https://eclipse.mirror.rafal.ca:443
2023-02-07 11:31:59,434 [Worker-39: https://eclipse.mirror.rafal.ca/releases/2022-12/202212071000/plugins/org.eclipse.emf.mapping_2.12.0.v20181104-0733.jar] INFO  o.a.h.c.h.i.c.HttpRequestRetryExec - Recoverable I/O exception (org.apache.hc.core5.http.NoHttpResponseException) caught when processing request to {s}->https://eclipse.mirror.rafal.ca:443
2023-02-07 11:32:00,061 [Worker-30: https://eclipse.mirror.rafal.ca/releases/2022-12/202212071000/features/org.eclipse.graphiti.feature_0.19.1.202211181144.jar] INFO  o.a.h.c.h.i.c.HttpRequestRetryExec - Recoverable I/O exception (org.apache.hc.core5.http.NoHttpResponseException) caught when processing request to {s}->https://eclipse.mirror.rafal.ca:443
2023-02-07 11:32:03,688 [Worker-35: https://eclipse.mirror.rafal.ca/releases/2022-12/202212071000/plugins/org.eclipse.jst.j2ee.ejb.annotations.xdoclet_1.2.401.v202204060243.jar] INFO  o.a.h.c.h.i.c.HttpRequestRetryExec - Recoverable I/O exception (org.apache.hc.core5.http.NoHttpResponseException) caught when processing request to {s}->https://eclipse.mirror.rafal.ca:443
2023-02-07 11:32:03,782 [Worker-43: https://eclipse.mirror.rafal.ca/releases/2022-12/202212071000/plugins/org.eclipse.jst.j2ee.webservice_1.1.800.v202204231553.jar] INFO  o.a.h.c.h.i.c.HttpRequestRetryExec - Recoverable I/O exception (org.apache.hc.core5.http.NoHttpResponseException) caught when processing request to {s}->https://eclipse.mirror.rafal.ca:443
2023-02-07 11:32:06,354 [Worker-38: https://eclipse.mirror.rafal.ca/releases/2022-12/202212071000/plugins/org.eclipse.jst.ws.axis.consumption.core_1.0.600.v201910301957.jar] INFO  o.a.h.c.h.i.c.HttpRequestRetryExec - Recoverable I/O exception (org.apache.hc.core5.http.NoHttpResponseException) caught when processing request to {s}->https://eclipse.mirror.rafal.ca:443
2023-02-07 11:32:06,449 [Worker-43: https://eclipse.mirror.rafal.ca/releases/2022-12/202212071000/plugins/org.eclipse.jst.ws.axis.creation.ui_1.0.1100.v202111210735.jar] INFO  o.a.h.c.h.i.c.HttpRequestRetryExec - Recoverable I/O exception (org.apache.hc.core5.http.NoHttpResponseException) caught when processing request to {s}->https://eclipse.mirror.rafal.ca:443
2023-02-07 11:32:06,971 [Worker-36: https://eclipse.mirror.rafal.ca/releases/2022-12/202212071000/plugins/org.eclipse.jst.ws.creation.ui_1.0.1001.v202103201626.jar] INFO  o.a.h.c.h.i.c.HttpRequestRetryExec - Recoverable I/O exception (org.apache.hc.core5.http.NoHttpResponseException) caught when processing request to {s}->https://eclipse.mirror.rafal.ca:443
2023-02-07 11:32:07,945 [Worker-30: https://eclipse.mirror.rafal.ca/releases/2022-12/202212071000/features/org.eclipse.jst.ws.jaxws.feature_1.2.800.v202211121326.jar] INFO  o.a.h.c.h.i.c.HttpRequestRetryExec - Recoverable I/O exception (org.apache.hc.core5.http.NoHttpResponseException) caught when processing request to {s}->https://eclipse.mirror.rafal.ca:443
2023-02-07 11:32:07,952 [Worker-48: https://eclipse.mirror.rafal.ca/releases/2022-12/202212071000/plugins/org.eclipse.jst.ws.jaxws.ui_1.0.600.v202008101342.jar] INFO  o.a.h.c.h.i.c.HttpRequestRetryExec - Recoverable I/O exception (org.apache.hc.core5.http.NoHttpResponseException) caught when processing request to {s}->https://eclipse.mirror.rafal.ca:443
2023-02-07 11:32:08,464 [Worker-39: https://eclipse.mirror.rafal.ca/releases/2022-12/202212071000/plugins/org.eclipse.lsp4e.debug_0.15.0.202211181112.jar] INFO  o.a.h.c.h.i.c.HttpRequestRetryExec - Recoverable I/O exception (org.apache.hc.core5.http.NoHttpResponseException) caught when processing request to {s}->https://eclipse.mirror.rafal.ca:443
2023-02-07 11:32:08,914 [Worker-37: https://eclipse.mirror.rafal.ca/releases/2022-12/202212071000/plugins/org.eclipse.m2e.wtp.jpa_1.5.0.20220805-2025.jar] INFO  o.a.h.c.h.i.c.HttpRequestRetryExec - Recoverable I/O exception (org.apache.hc.core5.http.NoHttpResponseException) caught when processing request to {s}->https://eclipse.mirror.rafal.ca:443
2023-02-07 11:32:11,381 [Worker-35: https://eclipse.mirror.rafal.ca/releases/2022-12/202212071000/plugins/org.eclipse.php.formatter.ui_7.2.1.202112011741.jar] INFO  o.a.h.c.h.i.c.HttpRequestRetryExec - Recoverable I/O exception (org.apache.hc.core5.http.NoHttpResponseException) caught when processing request to {s}->https://eclipse.mirror.rafal.ca:443
2023-02-07 11:32:15,046 [Worker-39: https://eclipse.mirror.rafal.ca/releases/2022-12/202212071000/plugins/org.eclipse.wst.jsdt.chromium.debug.core_0.5.300.v201903222101.jar] INFO  o.a.h.c.h.i.c.HttpRequestRetryExec - Recoverable I/O exception (org.apache.hc.core5.http.NoHttpResponseException) caught when processing request to {s}->https://eclipse.mirror.rafal.ca:443
2023-02-07 11:32:16,071 [Worker-39: https://eclipse.mirror.rafal.ca/releases/2022-12/202212071000/plugins/org.eclipse.wst.json.eslint.core_1.0.100.v202211200019.jar] INFO  o.a.h.c.h.i.c.HttpRequestRetryExec - Recoverable I/O exception (org.apache.hc.core5.http.NoHttpResponseException) caught when processing request to {s}->https://eclipse.mirror.rafal.ca:443
2023-02-07 11:32:17,481 [Worker-32: https://eclipse.mirror.rafal.ca/releases/2022-12/202212071000/plugins/org.eclipse.wst.xml.xpath.ui_1.1.300.v201904282210.jar] INFO  o.a.h.c.h.i.c.HttpRequestRetryExec - Recoverable I/O exception (org.apache.hc.core5.http.NoHttpResponseException) caught when processing request to {s}->https://eclipse.mirror.rafal.ca:443
2023-02-07 11:32:17,481 [Worker-44: https://eclipse.mirror.rafal.ca/releases/2022-12/202212071000/features/org.eclipse.wst.ws_ui.feature_3.9.100.v202004082157.jar] INFO  o.a.h.c.h.i.c.HttpRequestRetryExec - Recoverable I/O exception (org.apache.hc.core5.http.NoHttpResponseException) caught when processing request to {s}->https://eclipse.mirror.rafal.ca:443
2023-02-07 11:32:18,618 [Worker-32: https://eclipse.mirror.rafal.ca/releases/2022-12/202212071000/plugins/org.eclipse.wst.xsl.xalan_1.1.0.v201901071922.jar] INFO  o.a.h.c.h.i.c.HttpRequestRetryExec - Recoverable I/O exception (org.apache.hc.core5.http.NoHttpResponseException) caught when processing request to {s}->https://eclipse.mirror.rafal.ca:443
2023-02-07 11:33:12,588 [Start Help Server] INFO  org.eclipse.jetty.server.Server - jetty-10.0.12; built: 2022-09-14T01:54:40.076Z; git: 408d0139887e27a57b54ed52e2d92a36731a7e88; jvm 19.0.2+7
2023-02-07 11:33:12,604 [Start Help Server] INFO  o.e.j.s.s.DefaultSessionIdManager - Session workerName=node0
2023-02-07 11:33:12,623 [Start Help Server] INFO  o.e.j.server.handler.ContextHandler - Started o.e.j.s.ServletContextHandler@70b5fec8{/help,null,AVAILABLE}
2023-02-07 11:33:12,629 [Start Help Server] INFO  o.e.jetty.server.AbstractConnector - Started ServerConnector@a65039{HTTP/1.1, (http/1.1)}{127.0.0.1:57430}
2023-02-07 11:33:12,631 [Start Help Server] INFO  org.eclipse.jetty.server.Server - Started Server@454f78fd{STARTING}[10.0.12,sto=0] @26152ms
2023-02-07 11:33:25,000 [Worker-8: Loading available Gradle versions] INFO  o.e.b.c.i.u.g.PublishedGradleVersions - Gradle version information cache is up-to-date. Trying to read.
2023-02-07 11:38:18,697 [Stop Help Server] INFO  org.eclipse.jetty.server.Server - Stopped Server@454f78fd{STOPPING}[10.0.12,sto=0]
2023-02-07 11:38:18,708 [Stop Help Server] INFO  o.e.jetty.server.AbstractConnector - Stopped ServerConnector@a65039{HTTP/1.1, (http/1.1)}{127.0.0.1:0}
2023-02-07 11:38:18,753 [Stop Help Server] INFO  o.e.j.server.handler.ContextHandler - Stopped o.e.j.s.ServletContextHandler@70b5fec8{/help,null,STOPPED}
2023-02-07 11:38:33,865 [Worker-7: Loading available Gradle versions] INFO  o.e.b.c.i.u.g.PublishedGradleVersions - Gradle version information cache is up-to-date. Trying to read.
2023-02-07 11:40:37,563 [Worker-6: Loading available Gradle versions] INFO  o.e.b.c.i.u.g.PublishedGradleVersions - Gradle version information cache is up-to-date. Trying to read.
2023-02-07 11:42:15,761 [Worker-2: Loading available Gradle versions] INFO  o.e.b.c.i.u.g.PublishedGradleVersions - Gradle version information cache is up-to-date. Trying to read.
2023-02-07 11:47:17,063 [Worker-2: Loading available Gradle versions] INFO  o.e.b.c.i.u.g.PublishedGradleVersions - Gradle version information cache is up-to-date. Trying to read.
2023-02-08 13:44:49,460 [Worker-102: http://downloads.sourceforge.net/project/sapnweclipse/updates/features/com.sap.netweaver.porta.ide.eclipse.feature_0.7.2.201006211643.jar] INFO  o.a.h.c.h.i.c.HttpRequestRetryExec - Recoverable I/O exception (org.apache.hc.core5.http.NoHttpResponseException) caught when processing request to {}->http://phoenixnap.dl.sourceforge.net:80
